
> arabic-platform@0.1.0 dev
> next dev

▲ Next.js 16.2.3 (Turbopack)
- Local:         http://localhost:3000
- Network:       http://192.168.1.3:3000
- Environments: .env.local
✓ Ready in 702ms
Warning: Custom Cache-Control headers detected for the following routes:
  - /_next/static/:path*

Setting a custom Cache-Control header can break Next.js development behavior.
- Experiments (use with caution):
  · optimizePackageImports

[browser] The final argument passed to useEffect changed size between renders. The order and size of this array must remain constant.

Previous: [[object Object]]
Incoming: [] 
    at areHookInputsEqual (file://D:/IDEA BUSINESS/.next/dev/static/chunks/node_modules_next_dist_compiled_react-dom_058-ah~._.js:4604:56)
    at updateEffectImpl (file://D:/IDEA BUSINESS/.next/dev/static/chunks/node_modules_next_dist_compiled_react-dom_058-ah~._.js:5300:50)
    at Object.useEffect (file://D:/IDEA BUSINESS/.next/dev/static/chunks/node_modules_next_dist_compiled_react-dom_058-ah~._.js:15568:13)
    at <unknown> (file://D:/IDEA BUSINESS/.next/dev/static/chunks/node_modules_next_dist_compiled_0rpq4pf._.js:1722:36)
    at Navbar (file://D:/IDEA BUSINESS/.next/dev/static/chunks/_0bb16t3._.js?id=%255Bproject%255D%252Fcomponents%252Flayout%252FNavbar.tsx+%255Bapp-client%255D+%2528ecmascript%2529:195:180)
    at Object.react_stack_bottom_frame (file://D:/IDEA BUSINESS/.next/dev/static/chunks/node_modules_next_dist_compiled_react-dom_058-ah~._.js:15037:24)
    at renderWithHooksAgain (file://D:/IDEA BUSINESS/.next/dev/static/chunks/node_modules_next_dist_compiled_react-dom_058-ah~._.js:4675:24)
    at renderWithHooks (file://D:/IDEA BUSINESS/.next/dev/static/chunks/node_modules_next_dist_compiled_react-dom_058-ah~._.js:4626:28)
    at updateFunctionComponent (file://D:/IDEA BUSINESS/.next/dev/static/chunks/node_modules_next_dist_compiled_react-dom_058-ah~._.js:6081:21)
    at beginWork (file://D:/IDEA BUSINESS/.next/dev/static/chunks/node_modules_next_dist_compiled_react-dom_058-ah~._.js:6691:24)
    at runWithFiberInDEV (file://D:/IDEA BUSINESS/.next/dev/static/chunks/node_modules_next_dist_compiled_react-dom_058-ah~._.js:965:74)
    at performUnitOfWork (file://D:/IDEA BUSINESS/.next/dev/static/chunks/node_modules_next_dist_compiled_react-dom_058-ah~._.js:9555:97)
    at workLoopSync (file://D:/IDEA BUSINESS/.next/dev/static/chunks/node_modules_next_dist_compiled_react-dom_058-ah~._.js:9449:40)
    at renderRootSync (file://D:/IDEA BUSINESS/.next/dev/static/chunks/node_modules_next_dist_compiled_react-dom_058-ah~._.js:9433:13)
    at performWorkOnRoot (file://D:/IDEA BUSINESS/.next/dev/static/chunks/node_modules_next_dist_compiled_react-dom_058-ah~._.js:9061:186)
    at performSyncWorkOnRoot (file://D:/IDEA BUSINESS/.next/dev/static/chunks/node_modules_next_dist_compiled_react-dom_058-ah~._.js:10263:9)
    at flushSyncWorkAcrossRoots_impl (file://D:/IDEA BUSINESS/.next/dev/static/chunks/node_modules_next_dist_compiled_react-dom_058-ah~._.js:10179:316)
    at flushSyncWork$1 (file://D:/IDEA BUSINESS/.next/dev/static/chunks/node_modules_next_dist_compiled_react-dom_058-ah~._.js:9230:86)
    at Object.scheduleRefresh (file://D:/IDEA BUSINESS/.next/dev/static/chunks/node_modules_next_dist_compiled_react-dom_058-ah~._.js:299:13)
    at <unknown> (file://D:/IDEA BUSINESS/.next/dev/static/chunks/node_modules_next_dist_compiled_0rpq4pf._.js:391:33)
    at Set.forEach (<anonymous>)
    at Object.performReactRefresh (file://D:/IDEA BUSINESS/.next/dev/static/chunks/node_modules_next_dist_compiled_0rpq4pf._.js:384:38)
    at applyUpdate (file://D:/IDEA BUSINESS/.next/dev/static/chunks/node_modules_next_dist_compiled_0rpq4pf._.js:878:31)
    at <unknown> (file://D:/IDEA BUSINESS/.next/dev/static/chunks/node_modules_next_dist_compiled_0rpq4pf._.js:886:13) (file://D:/IDEA BUSINESS/.next/dev/static/chunks/node_modules_next_dist_compiled_react-dom_058-ah~._.js:4604:56)
[browser] The final argument passed to useEffect changed size between renders. The order and size of this array must remain constant.

Previous: [[object Object]]
Incoming: [] 
    at areHookInputsEqual (file://D:/IDEA BUSINESS/.next/dev/static/chunks/node_modules_next_dist_compiled_react-dom_058-ah~._.js:4604:56)
    at updateEffectImpl (file://D:/IDEA BUSINESS/.next/dev/static/chunks/node_modules_next_dist_compiled_react-dom_058-ah~._.js:5300:50)
    at Object.useEffect (file://D:/IDEA BUSINESS/.next/dev/static/chunks/node_modules_next_dist_compiled_react-dom_058-ah~._.js:15568:13)
    at <unknown> (file://D:/IDEA BUSINESS/.next/dev/static/chunks/node_modules_next_dist_compiled_0rpq4pf._.js:1722:36)
    at Navbar (file://D:/IDEA BUSINESS/.next/dev/static/chunks/_01~d2sf._.js?id=%255Bproject%255D%252Fcomponents%252Flayout%252FNavbar.tsx+%255Bapp-client%255D+%2528ecmascript%2529:195:180)
    at Object.react_stack_bottom_frame (file://D:/IDEA BUSINESS/.next/dev/static/chunks/node_modules_next_dist_compiled_react-dom_058-ah~._.js:15037:24)
    at renderWithHooksAgain (file://D:/IDEA BUSINESS/.next/dev/static/chunks/node_modules_next_dist_compiled_react-dom_058-ah~._.js:4675:24)
    at renderWithHooks (file://D:/IDEA BUSINESS/.next/dev/static/chunks/node_modules_next_dist_compiled_react-dom_058-ah~._.js:4626:28)
    at updateFunctionComponent (file://D:/IDEA BUSINESS/.next/dev/static/chunks/node_modules_next_dist_compiled_react-dom_058-ah~._.js:6081:21)
    at beginWork (file://D:/IDEA BUSINESS/.next/dev/static/chunks/node_modules_next_dist_compiled_react-dom_058-ah~._.js:6691:24)
    at runWithFiberInDEV (file://D:/IDEA BUSINESS/.next/dev/static/chunks/node_modules_next_dist_compiled_react-dom_058-ah~._.js:965:74)
    at performUnitOfWork (file://D:/IDEA BUSINESS/.next/dev/static/chunks/node_modules_next_dist_compiled_react-dom_058-ah~._.js:9555:97)
    at workLoopSync (file://D:/IDEA BUSINESS/.next/dev/static/chunks/node_modules_next_dist_compiled_react-dom_058-ah~._.js:9449:40)
    at renderRootSync (file://D:/IDEA BUSINESS/.next/dev/static/chunks/node_modules_next_dist_compiled_react-dom_058-ah~._.js:9433:13)
    at performWorkOnRoot (file://D:/IDEA BUSINESS/.next/dev/static/chunks/node_modules_next_dist_compiled_react-dom_058-ah~._.js:9061:186)
    at performSyncWorkOnRoot (file://D:/IDEA BUSINESS/.next/dev/static/chunks/node_modules_next_dist_compiled_react-dom_058-ah~._.js:10263:9)
    at flushSyncWorkAcrossRoots_impl (file://D:/IDEA BUSINESS/.next/dev/static/chunks/node_modules_next_dist_compiled_react-dom_058-ah~._.js:10179:316)
    at flushSyncWork$1 (file://D:/IDEA BUSINESS/.next/dev/static/chunks/node_modules_next_dist_compiled_react-dom_058-ah~._.js:9230:86)
    at Object.scheduleRefresh (file://D:/IDEA BUSINESS/.next/dev/static/chunks/node_modules_next_dist_compiled_react-dom_058-ah~._.js:299:13)
    at <unknown> (file://D:/IDEA BUSINESS/.next/dev/static/chunks/node_modules_next_dist_compiled_0rpq4pf._.js:391:33)
    at Set.forEach (<anonymous>)
    at Object.performReactRefresh (file://D:/IDEA BUSINESS/.next/dev/static/chunks/node_modules_next_dist_compiled_0rpq4pf._.js:384:38)
    at applyUpdate (file://D:/IDEA BUSINESS/.next/dev/static/chunks/node_modules_next_dist_compiled_0rpq4pf._.js:878:31)
    at <unknown> (file://D:/IDEA BUSINESS/.next/dev/static/chunks/node_modules_next_dist_compiled_0rpq4pf._.js:886:13) (file://D:/IDEA BUSINESS/.next/dev/static/chunks/node_modules_next_dist_compiled_react-dom_058-ah~._.js:4604:56)
 GET /checkout?projectId=142e6bd0-000a-4252-99aa-7b0d339ae064 200 in 4.1s (next.js: 1354ms, proxy.ts: 1490ms, application-code: 1296ms)
 GET / 200 in 4.6s (next.js: 2.4s, proxy.ts: 436ms, application-code: 1824ms)
 │ HEAD https://dqszxefplefuuovd../rest/v1/projects?select=* 200 in 130ms (cache skip)
 │ │ Cache skipped reason: (auto no cache)
 │ HEAD https://dqszxefplefuuovd../rest/v1/profiles?select=*&role=e.. 200 in 135ms (cache skip)
 │ │ Cache skipped reason: (auto no cache)
 │ HEAD https://dqszxefplefuuovd../rest/v1/investments?select=*&status.. 200 in 134ms (cache skip)
 │ │ Cache skipped reason: (auto no cache)
 GET /projects 200 in 5.1s (next.js: 2.5s, proxy.ts: 443ms, application-code: 2.2s)
 │ GET https://dqszxefplefuuovd../auth/v1/user 200 in 1168ms (cache skip)
 │ │ Cache skipped reason: (auto no cache)
 │ GET https://dqszxefplefuuovd../rest/v1/projects?select=*&founde.. 200 in 248ms (cache skip)
 │ │ Cache skipped reason: (auto no cache)
 GET / 200 in 1287ms (next.js: 16ms, proxy.ts: 454ms, application-code: 816ms)
 │ HEAD https://dqszxefplefuuovd../rest/v1/projects?select=* 200 in 117ms (cache skip)
 │ │ Cache skipped reason: (auto no cache)
 │ HEAD https://dqszxefplefuuovd../rest/v1/profiles?select=*&role=e.. 200 in 130ms (cache skip)
 │ │ Cache skipped reason: (auto no cache)
 │ HEAD https://dqszxefplefuuovd../rest/v1/investments?select=*&status.. 200 in 273ms (cache skip)
 │ │ Cache skipped reason: (auto no cache)
 GET / 200 in 1805ms (next.js: 6ms, proxy.ts: 294ms, application-code: 1506ms)
 │ HEAD https://dqszxefplefuuovd../rest/v1/projects?select=* 200 in 119ms (cache skip)
 │ │ Cache skipped reason: (auto no cache)
 │ HEAD https://dqszxefplefuuovd../rest/v1/investments?select=*&status.. 200 in 555ms (cache skip)
 │ │ Cache skipped reason: (auto no cache)
 │ HEAD https://dqszxefplefuuovd../rest/v1/profiles?select=*&role=e.. 200 in 1060ms (cache skip)
 │ │ Cache skipped reason: (auto no cache)
✓ Compiled in 355ms
 GET /checkout?projectId=142e6bd0-000a-4252-99aa-7b0d339ae064 200 in 1558ms (next.js: 152ms, proxy.ts: 1123ms, application-code: 283ms)
 GET /projects 200 in 1563ms (next.js: 104ms, proxy.ts: 949ms, application-code: 511ms)
 GET /projects 200 in 807ms (next.js: 13ms, proxy.ts: 344ms, application-code: 450ms)
 GET /checkout?projectId=142e6bd0-000a-4252-99aa-7b0d339ae064 200 in 746ms (next.js: 134ms, proxy.ts: 325ms, application-code: 287ms)
 GET / 200 in 2.1s (next.js: 82ms, proxy.ts: 784ms, application-code: 1240ms)
 GET / 200 in 1166ms (next.js: 18ms, proxy.ts: 368ms, application-code: 780ms)
 GET / 200 in 721ms (next.js: 9ms, proxy.ts: 169ms, application-code: 544ms)
 GET / 200 in 723ms (next.js: 69ms, proxy.ts: 171ms, application-code: 482ms)
 GET / 200 in 578ms (next.js: 29ms, proxy.ts: 316ms, application-code: 233ms)
 GET / 200 in 436ms (next.js: 7ms, proxy.ts: 158ms, application-code: 271ms)
 GET /checkout?projectId=142e6bd0-000a-4252-99aa-7b0d339ae064 200 in 680ms (next.js: 67ms, proxy.ts: 492ms, application-code: 121ms)
 GET /projects 200 in 677ms (next.js: 112ms, proxy.ts: 493ms, application-code: 73ms)
 GET / 200 in 796ms (next.js: 58ms, proxy.ts: 351ms, application-code: 387ms)
 GET /projects 200 in 207ms (next.js: 5ms, proxy.ts: 145ms, application-code: 57ms)
 GET / 200 in 382ms (next.js: 4ms, proxy.ts: 192ms, application-code: 186ms)
 GET /checkout?projectId=142e6bd0-000a-4252-99aa-7b0d339ae064 200 in 851ms (next.js: 9ms, proxy.ts: 501ms, application-code: 341ms)
 GET / 200 in 866ms (next.js: 8ms, proxy.ts: 165ms, application-code: 693ms)
 GET / 200 in 868ms (next.js: 73ms, proxy.ts: 166ms, application-code: 628ms)
 GET / 200 in 817ms (next.js: 81ms, proxy.ts: 365ms, application-code: 372ms)
 GET / 200 in 873ms (next.js: 48ms, proxy.ts: 417ms, application-code: 409ms)
✓ Compiled in 317ms
 GET /projects 200 in 387ms (next.js: 80ms, proxy.ts: 217ms, application-code: 89ms)
 GET /checkout?projectId=142e6bd0-000a-4252-99aa-7b0d339ae064 200 in 1224ms (next.js: 105ms, proxy.ts: 1013ms, application-code: 106ms)
 GET /projects 200 in 848ms (next.js: 8ms, proxy.ts: 784ms, application-code: 55ms)
 GET / 200 in 1235ms (next.js: 11ms, proxy.ts: 935ms, application-code: 289ms)
 GET /checkout?projectId=142e6bd0-000a-4252-99aa-7b0d339ae064 200 in 312ms (next.js: 5ms, proxy.ts: 272ms, application-code: 35ms)
 GET / 200 in 458ms (next.js: 6ms, proxy.ts: 283ms, application-code: 169ms)
 GET / 200 in 254ms (next.js: 4ms, proxy.ts: 153ms, application-code: 97ms)
 GET / 200 in 251ms (next.js: 3ms, proxy.ts: 160ms, application-code: 88ms)
 GET / 200 in 273ms (next.js: 4ms, proxy.ts: 159ms, application-code: 109ms)
 GET / 200 in 332ms (next.js: 4ms, proxy.ts: 217ms, application-code: 110ms)
✓ Compiled in 237ms
 GET /checkout?projectId=142e6bd0-000a-4252-99aa-7b0d339ae064 200 in 963ms (next.js: 135ms, proxy.ts: 630ms, application-code: 198ms)
 GET /projects 200 in 970ms (next.js: 175ms, proxy.ts: 330ms, application-code: 465ms)
 GET /projects 200 in 327ms (next.js: 12ms, proxy.ts: 254ms, application-code: 62ms)
 GET / 200 in 1002ms (next.js: 85ms, proxy.ts: 324ms, application-code: 593ms)
 GET / 200 in 433ms (next.js: 9ms, proxy.ts: 233ms, application-code: 191ms)
 GET /checkout?projectId=142e6bd0-000a-4252-99aa-7b0d339ae064 200 in 802ms (next.js: 78ms, proxy.ts: 320ms, application-code: 404ms)
 GET / 200 in 762ms (next.js: 6ms, proxy.ts: 150ms, application-code: 606ms)
 GET / 200 in 764ms (next.js: 130ms, proxy.ts: 263ms, application-code: 371ms)
 GET / 200 in 655ms (next.js: 5ms, proxy.ts: 391ms, application-code: 259ms)
 GET / 200 in 670ms (next.js: 91ms, proxy.ts: 405ms, application-code: 174ms)
✓ Compiled in 404ms
 GET /checkout?projectId=142e6bd0-000a-4252-99aa-7b0d339ae064 200 in 1694ms (next.js: 143ms, proxy.ts: 1427ms, application-code: 124ms)
 GET /projects 200 in 1682ms (next.js: 72ms, proxy.ts: 1149ms, application-code: 461ms)
 GET / 200 in 1699ms (next.js: 158ms, proxy.ts: 1153ms, application-code: 388ms)
 GET /projects 200 in 783ms (next.js: 5ms, proxy.ts: 334ms, application-code: 444ms)
 GET /checkout?projectId=142e6bd0-000a-4252-99aa-7b0d339ae064 200 in 578ms (next.js: 44ms, proxy.ts: 272ms, application-code: 263ms)
 GET /projects 200 in 655ms (next.js: 60ms, proxy.ts: 146ms, application-code: 449ms)
 GET /checkout?projectId=142e6bd0-000a-4252-99aa-7b0d339ae064 200 in 517ms (next.js: 22ms, proxy.ts: 337ms, application-code: 158ms)
 GET /projects 200 in 443ms (next.js: 14ms, proxy.ts: 129ms, application-code: 300ms)
 GET /projects 200 in 445ms (next.js: 71ms, proxy.ts: 133ms, application-code: 242ms)
 GET / 200 in 1155ms (next.js: 20ms, proxy.ts: 395ms, application-code: 741ms)
 GET / 200 in 697ms (next.js: 12ms, proxy.ts: 202ms, application-code: 483ms)
 GET / 200 in 398ms (next.js: 48ms, proxy.ts: 152ms, application-code: 198ms)
 GET /checkout?projectId=142e6bd0-000a-4252-99aa-7b0d339ae064 200 in 1021ms (next.js: 129ms, proxy.ts: 349ms, application-code: 543ms)
 GET / 200 in 966ms (next.js: 7ms, proxy.ts: 129ms, application-code: 830ms)
 GET / 200 in 948ms (next.js: 123ms, proxy.ts: 108ms, application-code: 717ms)
 GET / 200 in 939ms (next.js: 105ms, proxy.ts: 388ms, application-code: 446ms)
 GET / 200 in 977ms (next.js: 76ms, proxy.ts: 422ms, application-code: 479ms)
 GET / 200 in 934ms (next.js: 176ms, proxy.ts: 441ms, application-code: 317ms)
 GET / 200 in 908ms (next.js: 150ms, proxy.ts: 412ms, application-code: 345ms)
 GET /checkout?projectId=142e6bd0-000a-4252-99aa-7b0d339ae064 200 in 1244ms (next.js: 19ms, proxy.ts: 525ms, application-code: 700ms)
 GET / 200 in 822ms (next.js: 10ms, proxy.ts: 115ms, application-code: 697ms)
 GET / 200 in 831ms (next.js: 70ms, proxy.ts: 215ms, application-code: 546ms)
 GET / 200 in 799ms (next.js: 127ms, proxy.ts: 233ms, application-code: 439ms)
 GET / 200 in 799ms (next.js: 96ms, proxy.ts: 230ms, application-code: 473ms)
 GET / 200 in 732ms (next.js: 221ms, proxy.ts: 176ms, application-code: 335ms)
 GET /checkout?projectId=142e6bd0-000a-4252-99aa-7b0d339ae064 200 in 509ms (next.js: 4ms, proxy.ts: 311ms, application-code: 194ms)
 GET /dashboard/investor 200 in 816ms (next.js: 95ms, proxy.ts: 216ms, application-code: 505ms)
 │ GET https://dqszxefplefuuovd../auth/v1/user 200 in 113ms (cache skip)
 │ │ Cache skipped reason: (auto no cache)
 │ GET https://dqszxefplefuuovd../rest/v1/saved_opportuni..?select=id%2Ccre.. 200 in 108ms (cache skip)
 │ │ Cache skipped reason: (auto no cache)
 │ GET https://dqszxefplefuuovd../rest/v1/investments?select=amount%2.. 200 in 226ms (cache skip)
 │ │ Cache skipped reason: (auto no cache)
 │ HEAD https://dqszxefplefuuovd../rest/v1/messages?select=id&recei.. 200 in 250ms (cache skip)
 │ │ Cache skipped reason: (auto no cache)
 │ GET https://dqszxefplefuuovd../rest/v1/projects?select=id%2Ctit.. 400 in 246ms (cache skip)
 │ │ Cache skipped reason: (auto no cache)
